<?xml version="1.0" encoding="UTF-8"?>
<testng-results ignored="0" total="4" passed="4" failed="0" skipped="0">
  <reporter-output>
  </reporter-output>
  <suite started-at="2025-03-19T17:45:10 IST" name="PetSuite" finished-at="2025-03-19T17:45:22 IST" duration-ms="12522">
    <groups>
    </groups>
    <test started-at="2025-03-19T17:45:10 IST" name="PetTest" finished-at="2025-03-19T17:45:22 IST" duration-ms="12522">
      <class name="api.testcase.UserTests2">
        <test-method is-config="true" signature="setupData()[pri:0, instance:api.testcase.UserTests2@477b4cdf]" started-at="2025-03-19T17:45:10 IST" name="setupData" finished-at="2025-03-19T17:45:11 IST" duration-ms="447" status="PASS">
          <reporter-output>
          </reporter-output>
        </test-method> <!-- setupData -->
        <test-method signature="testPostUser()[pri:1, instance:api.testcase.UserTests2@477b4cdf]" started-at="2025-03-19T17:45:11 IST" name="testPostUser" finished-at="2025-03-19T17:45:16 IST" duration-ms="5636" status="PASS">
          <reporter-output>
          </reporter-output>
        </test-method> <!-- testPostUser -->
        <test-method signature="testGetUserByName()[pri:2, instance:api.testcase.UserTests2@477b4cdf]" started-at="2025-03-19T17:45:17 IST" name="testGetUserByName" finished-at="2025-03-19T17:45:18 IST" duration-ms="1479" status="PASS">
          <reporter-output>
          </reporter-output>
        </test-method> <!-- testGetUserByName -->
        <test-method signature="testUpdateUserByName()[pri:3, instance:api.testcase.UserTests2@477b4cdf]" started-at="2025-03-19T17:45:18 IST" name="testUpdateUserByName" finished-at="2025-03-19T17:45:21 IST" duration-ms="2879" status="PASS">
          <reporter-output>
          </reporter-output>
        </test-method> <!-- testUpdateUserByName -->
        <test-method signature="testDeleteUserByName()[pri:4, instance:api.testcase.UserTests2@477b4cdf]" started-at="2025-03-19T17:45:21 IST" name="testDeleteUserByName" finished-at="2025-03-19T17:45:22 IST" duration-ms="1411" status="PASS">
          <reporter-output>
          </reporter-output>
        </test-method> <!-- testDeleteUserByName -->
      </class> <!-- api.testcase.UserTests2 -->
    </test> <!-- PetTest -->
  </suite> <!-- PetSuite -->
</testng-results>
