<?xml version="1.0" encoding="UTF-8"?>
<!-- Generated by org.testng.reporters.JUnitXMLReporter -->
<testsuite ignored="0" hostname="DESKTOP-HMIG7V7" failures="0" tests="4" name="PetTest" time="13.656" errors="0" timestamp="2025-03-17T18:15:24 IST">
  <testcase classname="api.testcase.UserTests2" name="testPostUser" time="6.332"/>
  <testcase classname="api.testcase.UserTests2" name="testGetUserByName" time="1.619"/>
  <testcase classname="api.testcase.UserTests2" name="testUpdateUserByName" time="3.168"/>
  <testcase classname="api.testcase.UserTests2" name="testDeleteUserByName" time="1.482"/>
</testsuite> <!-- PetTest -->
